ERROR - 2026-04-19 09:20:18 --> Error connecting to the database: mysqli_sql_exception: No such file or directory in /home/harena/Documents/ITU/S4/Système d’information/codeigniter/system/Database/MySQLi/Connection.php:201
Stack trace:
#0 /home/harena/Documents/ITU/S4/Système d’information/codeigniter/system/Database/MySQLi/Connection.php(201): mysqli->real_connect()
#1 /home/harena/Documents/ITU/S4/Système d’information/codeigniter/system/Database/BaseConnection.php(555): CodeIgniter\Database\MySQLi\Connection->connect()
#2 /home/harena/Documents/ITU/S4/Système d’information/codeigniter/system/Database/BaseConnection.php(795): CodeIgniter\Database\BaseConnection->initialize()
#3 /home/harena/Documents/ITU/S4/Système d’information/codeigniter/system/Database/BaseBuilder.php(1649): CodeIgniter\Database\BaseConnection->query()
#4 /home/harena/Documents/ITU/S4/Système d’information/codeigniter/system/Model.php(253): CodeIgniter\Database\BaseBuilder->get()
#5 /home/harena/Documents/ITU/S4/Système d’information/codeigniter/system/BaseModel.php(676): CodeIgniter\Model->doFindAll()
#6 /home/harena/Documents/ITU/S4/Système d’information/codeigniter/app/Controllers/Produit.php(24): CodeIgniter\BaseModel->findAll()
#7 /home/harena/Documents/ITU/S4/Système d’information/codeigniter/system/CodeIgniter.php(951): App\Controllers\Produit->index()
#8 /home/harena/Documents/ITU/S4/Système d’information/codeigniter/system/CodeIgniter.php(497): CodeIgniter\CodeIgniter->runController()
#9 /home/harena/Documents/ITU/S4/Système d’information/codeigniter/system/CodeIgniter.php(340): CodeIgniter\CodeIgniter->handleRequest()
#10 /home/harena/Documents/ITU/S4/Système d’information/codeigniter/system/Boot.php(417): CodeIgniter\CodeIgniter->run()
#11 /home/harena/Documents/ITU/S4/Système d’information/codeigniter/system/Boot.php(68): CodeIgniter\Boot::runCodeIgniter()
#12 /home/harena/Documents/ITU/S4/Système d’information/codeigniter/public/index.php(59): CodeIgniter\Boot::bootWeb()
#13 /home/harena/Documents/ITU/S4/Système d’information/codeigniter/system/rewrite.php(44): require_once('...')
#14 {main}

Next CodeIgniter\Database\Exceptions\DatabaseException: No such file or directory in /home/harena/Documents/ITU/S4/Système d’information/codeigniter/system/Database/MySQLi/Connection.php:231
Stack trace:
#0 /home/harena/Documents/ITU/S4/Système d’information/codeigniter/system/Database/BaseConnection.php(555): CodeIgniter\Database\MySQLi\Connection->connect()
#1 /home/harena/Documents/ITU/S4/Système d’information/codeigniter/system/Database/BaseConnection.php(795): CodeIgniter\Database\BaseConnection->initialize()
#2 /home/harena/Documents/ITU/S4/Système d’information/codeigniter/system/Database/BaseBuilder.php(1649): CodeIgniter\Database\BaseConnection->query()
#3 /home/harena/Documents/ITU/S4/Système d’information/codeigniter/system/Model.php(253): CodeIgniter\Database\BaseBuilder->get()
#4 /home/harena/Documents/ITU/S4/Système d’information/codeigniter/system/BaseModel.php(676): CodeIgniter\Model->doFindAll()
#5 /home/harena/Documents/ITU/S4/Système d’information/codeigniter/app/Controllers/Produit.php(24): CodeIgniter\BaseModel->findAll()
#6 /home/harena/Documents/ITU/S4/Système d’information/codeigniter/system/CodeIgniter.php(951): App\Controllers\Produit->index()
#7 /home/harena/Documents/ITU/S4/Système d’information/codeigniter/system/CodeIgniter.php(497): CodeIgniter\CodeIgniter->runController()
#8 /home/harena/Documents/ITU/S4/Système d’information/codeigniter/system/CodeIgniter.php(340): CodeIgniter\CodeIgniter->handleRequest()
#9 /home/harena/Documents/ITU/S4/Système d’information/codeigniter/system/Boot.php(417): CodeIgniter\CodeIgniter->run()
#10 /home/harena/Documents/ITU/S4/Système d’information/codeigniter/system/Boot.php(68): CodeIgniter\Boot::runCodeIgniter()
#11 /home/harena/Documents/ITU/S4/Système d’information/codeigniter/public/index.php(59): CodeIgniter\Boot::bootWeb()
#12 /home/harena/Documents/ITU/S4/Système d’information/codeigniter/system/rewrite.php(44): require_once('...')
#13 {main}
CRITICAL - 2026-04-19 09:20:18 --> CodeIgniter\Database\Exceptions\DatabaseException: Unable to connect to the database.
Main connection [MySQLi]: No such file or directory
[Method: GET, Route: produits]
in SYSTEMPATH/Database/BaseConnection.php on line 606.
 1 SYSTEMPATH/Database/BaseConnection.php(795): CodeIgniter\Database\BaseConnection->initialize()
 2 SYSTEMPATH/Database/BaseBuilder.php(1649): CodeIgniter\Database\BaseConnection->query()
 3 SYSTEMPATH/Model.php(253): CodeIgniter\Database\BaseBuilder->get()
 4 SYSTEMPATH/BaseModel.php(676): CodeIgniter\Model->doFindAll()
 5 APPPATH/Controllers/Produit.php(24): CodeIgniter\BaseModel->findAll()
 6 SYSTEMPATH/CodeIgniter.php(951): App\Controllers\Produit->index()
 7 SYSTEMPATH/CodeIgniter.php(497): CodeIgniter\CodeIgniter->runController()
 8 SYSTEMPATH/CodeIgniter.php(340): CodeIgniter\CodeIgniter->handleRequest()
 9 SYSTEMPATH/Boot.php(417): CodeIgniter\CodeIgniter->run()
10 SYSTEMPATH/Boot.php(68): CodeIgniter\Boot::runCodeIgniter()
11 FCPATH/index.php(59): CodeIgniter\Boot::bootWeb()
12 SYSTEMPATH/rewrite.php(44): require_once('/home/harena/Documents/ITU/S4/Système d’information/codeigniter/public/index.php')
