CRITICAL - 2026-04-29 07:01:35 --> CodeIgniter\View\Exceptions\ViewException: Invalid file: "welcome_message.php"
[Method: GET, Route: /]
in SYSTEMPATH/Exceptions/FrameworkException.php on line 39.
 1 SYSTEMPATH/View/View.php(228): CodeIgniter\Exceptions\FrameworkException::forInvalidFile()
 2 SYSTEMPATH/Common.php(1250): CodeIgniter\View\View->render()
 3 APPPATH/Controllers/Home.php(9): view()
 4 SYSTEMPATH/CodeIgniter.php(951): App\Controllers\Home->index()
 5 SYSTEMPATH/CodeIgniter.php(497): CodeIgniter\CodeIgniter->runController()
 6 SYSTEMPATH/CodeIgniter.php(340): CodeIgniter\CodeIgniter->handleRequest()
 7 SYSTEMPATH/Boot.php(417): CodeIgniter\CodeIgniter->run()
 8 SYSTEMPATH/Boot.php(68): CodeIgniter\Boot::runCodeIgniter()
 9 FCPATH/index.php(59): CodeIgniter\Boot::bootWeb()
10 SYSTEMPATH/rewrite.php(44): require_once('/home/harena/Documents/ITU/S4/Système d’information/TP groupe de 3/Notes/public/index.php')
ERROR - 2026-04-29 07:19:26 --> Table 'codeigniter.users' doesn't exist
in SYSTEMPATH/Database/MySQLi/Connection.php on line 300.
 1 SYSTEMPATH/Database/MySQLi/Connection.php(300): mysqli->query()
 2 SYSTEMPATH/Database/BaseConnection.php(910): CodeIgniter\Database\MySQLi\Connection->execute()
 3 SYSTEMPATH/Database/BaseConnection.php(827): CodeIgniter\Database\BaseConnection->simpleQuery()
 4 SYSTEMPATH/Database/BaseBuilder.php(1649): CodeIgniter\Database\BaseConnection->query()
 5 SYSTEMPATH/Model.php(295): CodeIgniter\Database\BaseBuilder->get()
 6 SYSTEMPATH/BaseModel.php(714): CodeIgniter\Model->doFirst()
 7 APPPATH/Models/UsersModel.php(18): CodeIgniter\BaseModel->first()
 8 APPPATH/Controllers/UsersController.php(17): App\Models\UsersModel->getUserByEmail()
 9 SYSTEMPATH/CodeIgniter.php(951): App\Controllers\UsersController->login()
10 SYSTEMPATH/CodeIgniter.php(497): CodeIgniter\CodeIgniter->runController()
11 SYSTEMPATH/CodeIgniter.php(340): CodeIgniter\CodeIgniter->handleRequest()
12 SYSTEMPATH/Boot.php(417): CodeIgniter\CodeIgniter->run()
13 SYSTEMPATH/Boot.php(68): CodeIgniter\Boot::runCodeIgniter()
14 FCPATH/index.php(59): CodeIgniter\Boot::bootWeb()
15 SYSTEMPATH/rewrite.php(44): require_once('/home/harena/Documents/ITU/S4/Système d’information/TP groupe de 3/Notes/public/index.php')
CRITICAL - 2026-04-29 07:19:26 --> CodeIgniter\Database\Exceptions\DatabaseException: Table 'codeigniter.users' doesn't exist
[Method: POST, Route: login]
in SYSTEMPATH/Database/BaseConnection.php on line 865.
 1 SYSTEMPATH/Database/BaseBuilder.php(1649): CodeIgniter\Database\BaseConnection->query()
 2 SYSTEMPATH/Model.php(295): CodeIgniter\Database\BaseBuilder->get()
 3 SYSTEMPATH/BaseModel.php(714): CodeIgniter\Model->doFirst()
 4 APPPATH/Models/UsersModel.php(18): CodeIgniter\BaseModel->first()
 5 APPPATH/Controllers/UsersController.php(17): App\Models\UsersModel->getUserByEmail()
 6 SYSTEMPATH/CodeIgniter.php(951): App\Controllers\UsersController->login()
 7 SYSTEMPATH/CodeIgniter.php(497): CodeIgniter\CodeIgniter->runController()
 8 SYSTEMPATH/CodeIgniter.php(340): CodeIgniter\CodeIgniter->handleRequest()
 9 SYSTEMPATH/Boot.php(417): CodeIgniter\CodeIgniter->run()
10 SYSTEMPATH/Boot.php(68): CodeIgniter\Boot::runCodeIgniter()
11 FCPATH/index.php(59): CodeIgniter\Boot::bootWeb()
12 SYSTEMPATH/rewrite.php(44): require_once('/home/harena/Documents/ITU/S4/Système d’information/TP groupe de 3/Notes/public/index.php')
CRITICAL - 2026-04-29 07:19:26 --> [Caused by] CodeIgniter\Database\Exceptions\DatabaseException: Table 'codeigniter.users' doesn't exist
in SYSTEMPATH/Database/MySQLi/Connection.php on line 310.
 1 SYSTEMPATH/Database/BaseConnection.php(910): CodeIgniter\Database\MySQLi\Connection->execute()
 2 SYSTEMPATH/Database/BaseConnection.php(827): CodeIgniter\Database\BaseConnection->simpleQuery()
 3 SYSTEMPATH/Database/BaseBuilder.php(1649): CodeIgniter\Database\BaseConnection->query()
 4 SYSTEMPATH/Model.php(295): CodeIgniter\Database\BaseBuilder->get()
 5 SYSTEMPATH/BaseModel.php(714): CodeIgniter\Model->doFirst()
 6 APPPATH/Models/UsersModel.php(18): CodeIgniter\BaseModel->first()
 7 APPPATH/Controllers/UsersController.php(17): App\Models\UsersModel->getUserByEmail()
 8 SYSTEMPATH/CodeIgniter.php(951): App\Controllers\UsersController->login()
 9 SYSTEMPATH/CodeIgniter.php(497): CodeIgniter\CodeIgniter->runController()
10 SYSTEMPATH/CodeIgniter.php(340): CodeIgniter\CodeIgniter->handleRequest()
11 SYSTEMPATH/Boot.php(417): CodeIgniter\CodeIgniter->run()
12 SYSTEMPATH/Boot.php(68): CodeIgniter\Boot::runCodeIgniter()
13 FCPATH/index.php(59): CodeIgniter\Boot::bootWeb()
14 SYSTEMPATH/rewrite.php(44): require_once('/home/harena/Documents/ITU/S4/Système d’information/TP groupe de 3/Notes/public/index.php')
CRITICAL - 2026-04-29 07:19:26 --> [Caused by] mysqli_sql_exception: Table 'codeigniter.users' doesn't exist
in SYSTEMPATH/Database/MySQLi/Connection.php on line 300.
 1 SYSTEMPATH/Database/MySQLi/Connection.php(300): mysqli->query()
 2 SYSTEMPATH/Database/BaseConnection.php(910): CodeIgniter\Database\MySQLi\Connection->execute()
 3 SYSTEMPATH/Database/BaseConnection.php(827): CodeIgniter\Database\BaseConnection->simpleQuery()
 4 SYSTEMPATH/Database/BaseBuilder.php(1649): CodeIgniter\Database\BaseConnection->query()
 5 SYSTEMPATH/Model.php(295): CodeIgniter\Database\BaseBuilder->get()
 6 SYSTEMPATH/BaseModel.php(714): CodeIgniter\Model->doFirst()
 7 APPPATH/Models/UsersModel.php(18): CodeIgniter\BaseModel->first()
 8 APPPATH/Controllers/UsersController.php(17): App\Models\UsersModel->getUserByEmail()
 9 SYSTEMPATH/CodeIgniter.php(951): App\Controllers\UsersController->login()
10 SYSTEMPATH/CodeIgniter.php(497): CodeIgniter\CodeIgniter->runController()
11 SYSTEMPATH/CodeIgniter.php(340): CodeIgniter\CodeIgniter->handleRequest()
12 SYSTEMPATH/Boot.php(417): CodeIgniter\CodeIgniter->run()
13 SYSTEMPATH/Boot.php(68): CodeIgniter\Boot::runCodeIgniter()
14 FCPATH/index.php(59): CodeIgniter\Boot::bootWeb()
15 SYSTEMPATH/rewrite.php(44): require_once('/home/harena/Documents/ITU/S4/Système d’information/TP groupe de 3/Notes/public/index.php')
ERROR - 2026-04-29 07:19:56 --> Table 'codeigniter.users' doesn't exist
in SYSTEMPATH/Database/MySQLi/Connection.php on line 300.
 1 SYSTEMPATH/Database/MySQLi/Connection.php(300): mysqli->query()
 2 SYSTEMPATH/Database/BaseConnection.php(910): CodeIgniter\Database\MySQLi\Connection->execute()
 3 SYSTEMPATH/Database/BaseConnection.php(827): CodeIgniter\Database\BaseConnection->simpleQuery()
 4 SYSTEMPATH/Database/BaseBuilder.php(1649): CodeIgniter\Database\BaseConnection->query()
 5 SYSTEMPATH/Model.php(295): CodeIgniter\Database\BaseBuilder->get()
 6 SYSTEMPATH/BaseModel.php(714): CodeIgniter\Model->doFirst()
 7 APPPATH/Models/UsersModel.php(18): CodeIgniter\BaseModel->first()
 8 APPPATH/Controllers/UsersController.php(17): App\Models\UsersModel->getUserByEmail()
 9 SYSTEMPATH/CodeIgniter.php(951): App\Controllers\UsersController->login()
10 SYSTEMPATH/CodeIgniter.php(497): CodeIgniter\CodeIgniter->runController()
11 SYSTEMPATH/CodeIgniter.php(340): CodeIgniter\CodeIgniter->handleRequest()
12 SYSTEMPATH/Boot.php(417): CodeIgniter\CodeIgniter->run()
13 SYSTEMPATH/Boot.php(68): CodeIgniter\Boot::runCodeIgniter()
14 FCPATH/index.php(59): CodeIgniter\Boot::bootWeb()
15 SYSTEMPATH/rewrite.php(44): require_once('/home/harena/Documents/ITU/S4/Système d’information/TP groupe de 3/Notes/public/index.php')
CRITICAL - 2026-04-29 07:19:56 --> CodeIgniter\Database\Exceptions\DatabaseException: Table 'codeigniter.users' doesn't exist
[Method: POST, Route: login]
in SYSTEMPATH/Database/BaseConnection.php on line 865.
 1 SYSTEMPATH/Database/BaseBuilder.php(1649): CodeIgniter\Database\BaseConnection->query()
 2 SYSTEMPATH/Model.php(295): CodeIgniter\Database\BaseBuilder->get()
 3 SYSTEMPATH/BaseModel.php(714): CodeIgniter\Model->doFirst()
 4 APPPATH/Models/UsersModel.php(18): CodeIgniter\BaseModel->first()
 5 APPPATH/Controllers/UsersController.php(17): App\Models\UsersModel->getUserByEmail()
 6 SYSTEMPATH/CodeIgniter.php(951): App\Controllers\UsersController->login()
 7 SYSTEMPATH/CodeIgniter.php(497): CodeIgniter\CodeIgniter->runController()
 8 SYSTEMPATH/CodeIgniter.php(340): CodeIgniter\CodeIgniter->handleRequest()
 9 SYSTEMPATH/Boot.php(417): CodeIgniter\CodeIgniter->run()
10 SYSTEMPATH/Boot.php(68): CodeIgniter\Boot::runCodeIgniter()
11 FCPATH/index.php(59): CodeIgniter\Boot::bootWeb()
12 SYSTEMPATH/rewrite.php(44): require_once('/home/harena/Documents/ITU/S4/Système d’information/TP groupe de 3/Notes/public/index.php')
CRITICAL - 2026-04-29 07:19:56 --> [Caused by] CodeIgniter\Database\Exceptions\DatabaseException: Table 'codeigniter.users' doesn't exist
in SYSTEMPATH/Database/MySQLi/Connection.php on line 310.
 1 SYSTEMPATH/Database/BaseConnection.php(910): CodeIgniter\Database\MySQLi\Connection->execute()
 2 SYSTEMPATH/Database/BaseConnection.php(827): CodeIgniter\Database\BaseConnection->simpleQuery()
 3 SYSTEMPATH/Database/BaseBuilder.php(1649): CodeIgniter\Database\BaseConnection->query()
 4 SYSTEMPATH/Model.php(295): CodeIgniter\Database\BaseBuilder->get()
 5 SYSTEMPATH/BaseModel.php(714): CodeIgniter\Model->doFirst()
 6 APPPATH/Models/UsersModel.php(18): CodeIgniter\BaseModel->first()
 7 APPPATH/Controllers/UsersController.php(17): App\Models\UsersModel->getUserByEmail()
 8 SYSTEMPATH/CodeIgniter.php(951): App\Controllers\UsersController->login()
 9 SYSTEMPATH/CodeIgniter.php(497): CodeIgniter\CodeIgniter->runController()
10 SYSTEMPATH/CodeIgniter.php(340): CodeIgniter\CodeIgniter->handleRequest()
11 SYSTEMPATH/Boot.php(417): CodeIgniter\CodeIgniter->run()
12 SYSTEMPATH/Boot.php(68): CodeIgniter\Boot::runCodeIgniter()
13 FCPATH/index.php(59): CodeIgniter\Boot::bootWeb()
14 SYSTEMPATH/rewrite.php(44): require_once('/home/harena/Documents/ITU/S4/Système d’information/TP groupe de 3/Notes/public/index.php')
CRITICAL - 2026-04-29 07:19:56 --> [Caused by] mysqli_sql_exception: Table 'codeigniter.users' doesn't exist
in SYSTEMPATH/Database/MySQLi/Connection.php on line 300.
 1 SYSTEMPATH/Database/MySQLi/Connection.php(300): mysqli->query()
 2 SYSTEMPATH/Database/BaseConnection.php(910): CodeIgniter\Database\MySQLi\Connection->execute()
 3 SYSTEMPATH/Database/BaseConnection.php(827): CodeIgniter\Database\BaseConnection->simpleQuery()
 4 SYSTEMPATH/Database/BaseBuilder.php(1649): CodeIgniter\Database\BaseConnection->query()
 5 SYSTEMPATH/Model.php(295): CodeIgniter\Database\BaseBuilder->get()
 6 SYSTEMPATH/BaseModel.php(714): CodeIgniter\Model->doFirst()
 7 APPPATH/Models/UsersModel.php(18): CodeIgniter\BaseModel->first()
 8 APPPATH/Controllers/UsersController.php(17): App\Models\UsersModel->getUserByEmail()
 9 SYSTEMPATH/CodeIgniter.php(951): App\Controllers\UsersController->login()
10 SYSTEMPATH/CodeIgniter.php(497): CodeIgniter\CodeIgniter->runController()
11 SYSTEMPATH/CodeIgniter.php(340): CodeIgniter\CodeIgniter->handleRequest()
12 SYSTEMPATH/Boot.php(417): CodeIgniter\CodeIgniter->run()
13 SYSTEMPATH/Boot.php(68): CodeIgniter\Boot::runCodeIgniter()
14 FCPATH/index.php(59): CodeIgniter\Boot::bootWeb()
15 SYSTEMPATH/rewrite.php(44): require_once('/home/harena/Documents/ITU/S4/Système d’information/TP groupe de 3/Notes/public/index.php')
ERROR - 2026-04-29 07:21:22 --> Error connecting to the database: mysqli_sql_exception: Unknown database 'gestion_notesITU' in /home/harena/Documents/ITU/S4/Système d’information/TP groupe de 3/Notes/system/Database/MySQLi/Connection.php:201
Stack trace:
#0 /home/harena/Documents/ITU/S4/Système d’information/TP groupe de 3/Notes/system/Database/MySQLi/Connection.php(201): mysqli->real_connect()
#1 /home/harena/Documents/ITU/S4/Système d’information/TP groupe de 3/Notes/system/Database/BaseConnection.php(555): CodeIgniter\Database\MySQLi\Connection->connect()
#2 /home/harena/Documents/ITU/S4/Système d’information/TP groupe de 3/Notes/system/Database/BaseConnection.php(795): CodeIgniter\Database\BaseConnection->initialize()
#3 /home/harena/Documents/ITU/S4/Système d’information/TP groupe de 3/Notes/system/Database/BaseBuilder.php(1649): CodeIgniter\Database\BaseConnection->query()
#4 /home/harena/Documents/ITU/S4/Système d’information/TP groupe de 3/Notes/system/Model.php(295): CodeIgniter\Database\BaseBuilder->get()
#5 /home/harena/Documents/ITU/S4/Système d’information/TP groupe de 3/Notes/system/BaseModel.php(714): CodeIgniter\Model->doFirst()
#6 /home/harena/Documents/ITU/S4/Système d’information/TP groupe de 3/Notes/app/Models/UsersModel.php(18): CodeIgniter\BaseModel->first()
#7 /home/harena/Documents/ITU/S4/Système d’information/TP groupe de 3/Notes/app/Controllers/UsersController.php(17): App\Models\UsersModel->getUserByEmail()
#8 /home/harena/Documents/ITU/S4/Système d’information/TP groupe de 3/Notes/system/CodeIgniter.php(951): App\Controllers\UsersController->login()
#9 /home/harena/Documents/ITU/S4/Système d’information/TP groupe de 3/Notes/system/CodeIgniter.php(497): CodeIgniter\CodeIgniter->runController()
#10 /home/harena/Documents/ITU/S4/Système d’information/TP groupe de 3/Notes/system/CodeIgniter.php(340): CodeIgniter\CodeIgniter->handleRequest()
#11 /home/harena/Documents/ITU/S4/Système d’information/TP groupe de 3/Notes/system/Boot.php(417): CodeIgniter\CodeIgniter->run()
#12 /home/harena/Documents/ITU/S4/Système d’information/TP groupe de 3/Notes/system/Boot.php(68): CodeIgniter\Boot::runCodeIgniter()
#13 /home/harena/Documents/ITU/S4/Système d’information/TP groupe de 3/Notes/public/index.php(59): CodeIgniter\Boot::bootWeb()
#14 /home/harena/Documents/ITU/S4/Système d’information/TP groupe de 3/Notes/system/rewrite.php(44): require_once('...')
#15 {main}

Next CodeIgniter\Database\Exceptions\DatabaseException: Unknown database 'gestion_notesITU' in /home/harena/Documents/ITU/S4/Système d’information/TP groupe de 3/Notes/system/Database/MySQLi/Connection.php:231
Stack trace:
#0 /home/harena/Documents/ITU/S4/Système d’information/TP groupe de 3/Notes/system/Database/BaseConnection.php(555): CodeIgniter\Database\MySQLi\Connection->connect()
#1 /home/harena/Documents/ITU/S4/Système d’information/TP groupe de 3/Notes/system/Database/BaseConnection.php(795): CodeIgniter\Database\BaseConnection->initialize()
#2 /home/harena/Documents/ITU/S4/Système d’information/TP groupe de 3/Notes/system/Database/BaseBuilder.php(1649): CodeIgniter\Database\BaseConnection->query()
#3 /home/harena/Documents/ITU/S4/Système d’information/TP groupe de 3/Notes/system/Model.php(295): CodeIgniter\Database\BaseBuilder->get()
#4 /home/harena/Documents/ITU/S4/Système d’information/TP groupe de 3/Notes/system/BaseModel.php(714): CodeIgniter\Model->doFirst()
#5 /home/harena/Documents/ITU/S4/Système d’information/TP groupe de 3/Notes/app/Models/UsersModel.php(18): CodeIgniter\BaseModel->first()
#6 /home/harena/Documents/ITU/S4/Système d’information/TP groupe de 3/Notes/app/Controllers/UsersController.php(17): App\Models\UsersModel->getUserByEmail()
#7 /home/harena/Documents/ITU/S4/Système d’information/TP groupe de 3/Notes/system/CodeIgniter.php(951): App\Controllers\UsersController->login()
#8 /home/harena/Documents/ITU/S4/Système d’information/TP groupe de 3/Notes/system/CodeIgniter.php(497): CodeIgniter\CodeIgniter->runController()
#9 /home/harena/Documents/ITU/S4/Système d’information/TP groupe de 3/Notes/system/CodeIgniter.php(340): CodeIgniter\CodeIgniter->handleRequest()
#10 /home/harena/Documents/ITU/S4/Système d’information/TP groupe de 3/Notes/system/Boot.php(417): CodeIgniter\CodeIgniter->run()
#11 /home/harena/Documents/ITU/S4/Système d’information/TP groupe de 3/Notes/system/Boot.php(68): CodeIgniter\Boot::runCodeIgniter()
#12 /home/harena/Documents/ITU/S4/Système d’information/TP groupe de 3/Notes/public/index.php(59): CodeIgniter\Boot::bootWeb()
#13 /home/harena/Documents/ITU/S4/Système d’information/TP groupe de 3/Notes/system/rewrite.php(44): require_once('...')
#14 {main}
CRITICAL - 2026-04-29 07:21:22 --> CodeIgniter\Database\Exceptions\DatabaseException: Unable to connect to the database.
Main connection [MySQLi]: Unknown database 'gestion_notesITU'
[Method: POST, Route: login]
in SYSTEMPATH/Database/BaseConnection.php on line 606.
 1 SYSTEMPATH/Database/BaseConnection.php(795): CodeIgniter\Database\BaseConnection->initialize()
 2 SYSTEMPATH/Database/BaseBuilder.php(1649): CodeIgniter\Database\BaseConnection->query()
 3 SYSTEMPATH/Model.php(295): CodeIgniter\Database\BaseBuilder->get()
 4 SYSTEMPATH/BaseModel.php(714): CodeIgniter\Model->doFirst()
 5 APPPATH/Models/UsersModel.php(18): CodeIgniter\BaseModel->first()
 6 APPPATH/Controllers/UsersController.php(17): App\Models\UsersModel->getUserByEmail()
 7 SYSTEMPATH/CodeIgniter.php(951): App\Controllers\UsersController->login()
 8 SYSTEMPATH/CodeIgniter.php(497): CodeIgniter\CodeIgniter->runController()
 9 SYSTEMPATH/CodeIgniter.php(340): CodeIgniter\CodeIgniter->handleRequest()
10 SYSTEMPATH/Boot.php(417): CodeIgniter\CodeIgniter->run()
11 SYSTEMPATH/Boot.php(68): CodeIgniter\Boot::runCodeIgniter()
12 FCPATH/index.php(59): CodeIgniter\Boot::bootWeb()
13 SYSTEMPATH/rewrite.php(44): require_once('/home/harena/Documents/ITU/S4/Système d’information/TP groupe de 3/Notes/public/index.php')
ERROR - 2026-04-29 07:22:49 --> Error connecting to the database: mysqli_sql_exception: Unknown database 'gestion_notesITU' in /home/harena/Documents/ITU/S4/Système d’information/TP groupe de 3/Notes/system/Database/MySQLi/Connection.php:201
Stack trace:
#0 /home/harena/Documents/ITU/S4/Système d’information/TP groupe de 3/Notes/system/Database/MySQLi/Connection.php(201): mysqli->real_connect()
#1 /home/harena/Documents/ITU/S4/Système d’information/TP groupe de 3/Notes/system/Database/BaseConnection.php(555): CodeIgniter\Database\MySQLi\Connection->connect()
#2 /home/harena/Documents/ITU/S4/Système d’information/TP groupe de 3/Notes/system/Database/BaseConnection.php(795): CodeIgniter\Database\BaseConnection->initialize()
#3 /home/harena/Documents/ITU/S4/Système d’information/TP groupe de 3/Notes/system/Database/BaseBuilder.php(1649): CodeIgniter\Database\BaseConnection->query()
#4 /home/harena/Documents/ITU/S4/Système d’information/TP groupe de 3/Notes/system/Model.php(295): CodeIgniter\Database\BaseBuilder->get()
#5 /home/harena/Documents/ITU/S4/Système d’information/TP groupe de 3/Notes/system/BaseModel.php(714): CodeIgniter\Model->doFirst()
#6 /home/harena/Documents/ITU/S4/Système d’information/TP groupe de 3/Notes/app/Models/UsersModel.php(18): CodeIgniter\BaseModel->first()
#7 /home/harena/Documents/ITU/S4/Système d’information/TP groupe de 3/Notes/app/Controllers/UsersController.php(17): App\Models\UsersModel->getUserByEmail()
#8 /home/harena/Documents/ITU/S4/Système d’information/TP groupe de 3/Notes/system/CodeIgniter.php(951): App\Controllers\UsersController->login()
#9 /home/harena/Documents/ITU/S4/Système d’information/TP groupe de 3/Notes/system/CodeIgniter.php(497): CodeIgniter\CodeIgniter->runController()
#10 /home/harena/Documents/ITU/S4/Système d’information/TP groupe de 3/Notes/system/CodeIgniter.php(340): CodeIgniter\CodeIgniter->handleRequest()
#11 /home/harena/Documents/ITU/S4/Système d’information/TP groupe de 3/Notes/system/Boot.php(417): CodeIgniter\CodeIgniter->run()
#12 /home/harena/Documents/ITU/S4/Système d’information/TP groupe de 3/Notes/system/Boot.php(68): CodeIgniter\Boot::runCodeIgniter()
#13 /home/harena/Documents/ITU/S4/Système d’information/TP groupe de 3/Notes/public/index.php(59): CodeIgniter\Boot::bootWeb()
#14 /home/harena/Documents/ITU/S4/Système d’information/TP groupe de 3/Notes/system/rewrite.php(44): require_once('...')
#15 {main}

Next CodeIgniter\Database\Exceptions\DatabaseException: Unknown database 'gestion_notesITU' in /home/harena/Documents/ITU/S4/Système d’information/TP groupe de 3/Notes/system/Database/MySQLi/Connection.php:231
Stack trace:
#0 /home/harena/Documents/ITU/S4/Système d’information/TP groupe de 3/Notes/system/Database/BaseConnection.php(555): CodeIgniter\Database\MySQLi\Connection->connect()
#1 /home/harena/Documents/ITU/S4/Système d’information/TP groupe de 3/Notes/system/Database/BaseConnection.php(795): CodeIgniter\Database\BaseConnection->initialize()
#2 /home/harena/Documents/ITU/S4/Système d’information/TP groupe de 3/Notes/system/Database/BaseBuilder.php(1649): CodeIgniter\Database\BaseConnection->query()
#3 /home/harena/Documents/ITU/S4/Système d’information/TP groupe de 3/Notes/system/Model.php(295): CodeIgniter\Database\BaseBuilder->get()
#4 /home/harena/Documents/ITU/S4/Système d’information/TP groupe de 3/Notes/system/BaseModel.php(714): CodeIgniter\Model->doFirst()
#5 /home/harena/Documents/ITU/S4/Système d’information/TP groupe de 3/Notes/app/Models/UsersModel.php(18): CodeIgniter\BaseModel->first()
#6 /home/harena/Documents/ITU/S4/Système d’information/TP groupe de 3/Notes/app/Controllers/UsersController.php(17): App\Models\UsersModel->getUserByEmail()
#7 /home/harena/Documents/ITU/S4/Système d’information/TP groupe de 3/Notes/system/CodeIgniter.php(951): App\Controllers\UsersController->login()
#8 /home/harena/Documents/ITU/S4/Système d’information/TP groupe de 3/Notes/system/CodeIgniter.php(497): CodeIgniter\CodeIgniter->runController()
#9 /home/harena/Documents/ITU/S4/Système d’information/TP groupe de 3/Notes/system/CodeIgniter.php(340): CodeIgniter\CodeIgniter->handleRequest()
#10 /home/harena/Documents/ITU/S4/Système d’information/TP groupe de 3/Notes/system/Boot.php(417): CodeIgniter\CodeIgniter->run()
#11 /home/harena/Documents/ITU/S4/Système d’information/TP groupe de 3/Notes/system/Boot.php(68): CodeIgniter\Boot::runCodeIgniter()
#12 /home/harena/Documents/ITU/S4/Système d’information/TP groupe de 3/Notes/public/index.php(59): CodeIgniter\Boot::bootWeb()
#13 /home/harena/Documents/ITU/S4/Système d’information/TP groupe de 3/Notes/system/rewrite.php(44): require_once('...')
#14 {main}
CRITICAL - 2026-04-29 07:22:49 --> CodeIgniter\Database\Exceptions\DatabaseException: Unable to connect to the database.
Main connection [MySQLi]: Unknown database 'gestion_notesITU'
[Method: POST, Route: login]
in SYSTEMPATH/Database/BaseConnection.php on line 606.
 1 SYSTEMPATH/Database/BaseConnection.php(795): CodeIgniter\Database\BaseConnection->initialize()
 2 SYSTEMPATH/Database/BaseBuilder.php(1649): CodeIgniter\Database\BaseConnection->query()
 3 SYSTEMPATH/Model.php(295): CodeIgniter\Database\BaseBuilder->get()
 4 SYSTEMPATH/BaseModel.php(714): CodeIgniter\Model->doFirst()
 5 APPPATH/Models/UsersModel.php(18): CodeIgniter\BaseModel->first()
 6 APPPATH/Controllers/UsersController.php(17): App\Models\UsersModel->getUserByEmail()
 7 SYSTEMPATH/CodeIgniter.php(951): App\Controllers\UsersController->login()
 8 SYSTEMPATH/CodeIgniter.php(497): CodeIgniter\CodeIgniter->runController()
 9 SYSTEMPATH/CodeIgniter.php(340): CodeIgniter\CodeIgniter->handleRequest()
10 SYSTEMPATH/Boot.php(417): CodeIgniter\CodeIgniter->run()
11 SYSTEMPATH/Boot.php(68): CodeIgniter\Boot::runCodeIgniter()
12 FCPATH/index.php(59): CodeIgniter\Boot::bootWeb()
13 SYSTEMPATH/rewrite.php(44): require_once('/home/harena/Documents/ITU/S4/Système d’information/TP groupe de 3/Notes/public/index.php')
ERROR - 2026-04-29 07:22:56 --> Error connecting to the database: mysqli_sql_exception: Unknown database 'gestion_notesITU' in /home/harena/Documents/ITU/S4/Système d’information/TP groupe de 3/Notes/system/Database/MySQLi/Connection.php:201
Stack trace:
#0 /home/harena/Documents/ITU/S4/Système d’information/TP groupe de 3/Notes/system/Database/MySQLi/Connection.php(201): mysqli->real_connect()
#1 /home/harena/Documents/ITU/S4/Système d’information/TP groupe de 3/Notes/system/Database/BaseConnection.php(555): CodeIgniter\Database\MySQLi\Connection->connect()
#2 /home/harena/Documents/ITU/S4/Système d’information/TP groupe de 3/Notes/system/Database/BaseConnection.php(795): CodeIgniter\Database\BaseConnection->initialize()
#3 /home/harena/Documents/ITU/S4/Système d’information/TP groupe de 3/Notes/system/Database/BaseBuilder.php(1649): CodeIgniter\Database\BaseConnection->query()
#4 /home/harena/Documents/ITU/S4/Système d’information/TP groupe de 3/Notes/system/Model.php(295): CodeIgniter\Database\BaseBuilder->get()
#5 /home/harena/Documents/ITU/S4/Système d’information/TP groupe de 3/Notes/system/BaseModel.php(714): CodeIgniter\Model->doFirst()
#6 /home/harena/Documents/ITU/S4/Système d’information/TP groupe de 3/Notes/app/Models/UsersModel.php(18): CodeIgniter\BaseModel->first()
#7 /home/harena/Documents/ITU/S4/Système d’information/TP groupe de 3/Notes/app/Controllers/UsersController.php(17): App\Models\UsersModel->getUserByEmail()
#8 /home/harena/Documents/ITU/S4/Système d’information/TP groupe de 3/Notes/system/CodeIgniter.php(951): App\Controllers\UsersController->login()
#9 /home/harena/Documents/ITU/S4/Système d’information/TP groupe de 3/Notes/system/CodeIgniter.php(497): CodeIgniter\CodeIgniter->runController()
#10 /home/harena/Documents/ITU/S4/Système d’information/TP groupe de 3/Notes/system/CodeIgniter.php(340): CodeIgniter\CodeIgniter->handleRequest()
#11 /home/harena/Documents/ITU/S4/Système d’information/TP groupe de 3/Notes/system/Boot.php(417): CodeIgniter\CodeIgniter->run()
#12 /home/harena/Documents/ITU/S4/Système d’information/TP groupe de 3/Notes/system/Boot.php(68): CodeIgniter\Boot::runCodeIgniter()
#13 /home/harena/Documents/ITU/S4/Système d’information/TP groupe de 3/Notes/public/index.php(59): CodeIgniter\Boot::bootWeb()
#14 /home/harena/Documents/ITU/S4/Système d’information/TP groupe de 3/Notes/system/rewrite.php(44): require_once('...')
#15 {main}

Next CodeIgniter\Database\Exceptions\DatabaseException: Unknown database 'gestion_notesITU' in /home/harena/Documents/ITU/S4/Système d’information/TP groupe de 3/Notes/system/Database/MySQLi/Connection.php:231
Stack trace:
#0 /home/harena/Documents/ITU/S4/Système d’information/TP groupe de 3/Notes/system/Database/BaseConnection.php(555): CodeIgniter\Database\MySQLi\Connection->connect()
#1 /home/harena/Documents/ITU/S4/Système d’information/TP groupe de 3/Notes/system/Database/BaseConnection.php(795): CodeIgniter\Database\BaseConnection->initialize()
#2 /home/harena/Documents/ITU/S4/Système d’information/TP groupe de 3/Notes/system/Database/BaseBuilder.php(1649): CodeIgniter\Database\BaseConnection->query()
#3 /home/harena/Documents/ITU/S4/Système d’information/TP groupe de 3/Notes/system/Model.php(295): CodeIgniter\Database\BaseBuilder->get()
#4 /home/harena/Documents/ITU/S4/Système d’information/TP groupe de 3/Notes/system/BaseModel.php(714): CodeIgniter\Model->doFirst()
#5 /home/harena/Documents/ITU/S4/Système d’information/TP groupe de 3/Notes/app/Models/UsersModel.php(18): CodeIgniter\BaseModel->first()
#6 /home/harena/Documents/ITU/S4/Système d’information/TP groupe de 3/Notes/app/Controllers/UsersController.php(17): App\Models\UsersModel->getUserByEmail()
#7 /home/harena/Documents/ITU/S4/Système d’information/TP groupe de 3/Notes/system/CodeIgniter.php(951): App\Controllers\UsersController->login()
#8 /home/harena/Documents/ITU/S4/Système d’information/TP groupe de 3/Notes/system/CodeIgniter.php(497): CodeIgniter\CodeIgniter->runController()
#9 /home/harena/Documents/ITU/S4/Système d’information/TP groupe de 3/Notes/system/CodeIgniter.php(340): CodeIgniter\CodeIgniter->handleRequest()
#10 /home/harena/Documents/ITU/S4/Système d’information/TP groupe de 3/Notes/system/Boot.php(417): CodeIgniter\CodeIgniter->run()
#11 /home/harena/Documents/ITU/S4/Système d’information/TP groupe de 3/Notes/system/Boot.php(68): CodeIgniter\Boot::runCodeIgniter()
#12 /home/harena/Documents/ITU/S4/Système d’information/TP groupe de 3/Notes/public/index.php(59): CodeIgniter\Boot::bootWeb()
#13 /home/harena/Documents/ITU/S4/Système d’information/TP groupe de 3/Notes/system/rewrite.php(44): require_once('...')
#14 {main}
CRITICAL - 2026-04-29 07:22:56 --> CodeIgniter\Database\Exceptions\DatabaseException: Unable to connect to the database.
Main connection [MySQLi]: Unknown database 'gestion_notesITU'
[Method: POST, Route: login]
in SYSTEMPATH/Database/BaseConnection.php on line 606.
 1 SYSTEMPATH/Database/BaseConnection.php(795): CodeIgniter\Database\BaseConnection->initialize()
 2 SYSTEMPATH/Database/BaseBuilder.php(1649): CodeIgniter\Database\BaseConnection->query()
 3 SYSTEMPATH/Model.php(295): CodeIgniter\Database\BaseBuilder->get()
 4 SYSTEMPATH/BaseModel.php(714): CodeIgniter\Model->doFirst()
 5 APPPATH/Models/UsersModel.php(18): CodeIgniter\BaseModel->first()
 6 APPPATH/Controllers/UsersController.php(17): App\Models\UsersModel->getUserByEmail()
 7 SYSTEMPATH/CodeIgniter.php(951): App\Controllers\UsersController->login()
 8 SYSTEMPATH/CodeIgniter.php(497): CodeIgniter\CodeIgniter->runController()
 9 SYSTEMPATH/CodeIgniter.php(340): CodeIgniter\CodeIgniter->handleRequest()
10 SYSTEMPATH/Boot.php(417): CodeIgniter\CodeIgniter->run()
11 SYSTEMPATH/Boot.php(68): CodeIgniter\Boot::runCodeIgniter()
12 FCPATH/index.php(59): CodeIgniter\Boot::bootWeb()
13 SYSTEMPATH/rewrite.php(44): require_once('/home/harena/Documents/ITU/S4/Système d’information/TP groupe de 3/Notes/public/index.php')
CRITICAL - 2026-04-29 07:55:48 --> CodeIgniter\View\Exceptions\ViewException: Invalid file: "etudiants/list.php"
[Method: GET, Route: etudiants]
in SYSTEMPATH/Exceptions/FrameworkException.php on line 39.
 1 SYSTEMPATH/View/View.php(228): CodeIgniter\Exceptions\FrameworkException::forInvalidFile()
 2 SYSTEMPATH/Common.php(1250): CodeIgniter\View\View->render()
 3 APPPATH/Controllers/EtudiantController.php(13): view()
 4 SYSTEMPATH/CodeIgniter.php(951): App\Controllers\EtudiantController->list()
 5 SYSTEMPATH/CodeIgniter.php(497): CodeIgniter\CodeIgniter->runController()
 6 SYSTEMPATH/CodeIgniter.php(340): CodeIgniter\CodeIgniter->handleRequest()
 7 SYSTEMPATH/Boot.php(417): CodeIgniter\CodeIgniter->run()
 8 SYSTEMPATH/Boot.php(68): CodeIgniter\Boot::runCodeIgniter()
 9 FCPATH/index.php(59): CodeIgniter\Boot::bootWeb()
10 SYSTEMPATH/rewrite.php(44): require_once('/home/harena/Documents/ITU/S4/Système d’information/TP groupe de 3/Notes/public/index.php')
CRITICAL - 2026-04-29 07:56:02 --> ErrorException: Undefined array key "matricule"
[Method: GET, Route: etudiants]
in APPPATH/Views/etudiants/list.php on line 86.
 1 APPPATH/Views/etudiants/list.php(86): CodeIgniter\Debug\Exceptions->errorHandler()
 2 SYSTEMPATH/View/View.php(240): include('/home/harena/Documents/ITU/S4/Système d’information/TP groupe de 3/Notes/app/Views/etudiants/list.php')
 3 SYSTEMPATH/View/View.php(243): CodeIgniter\View\View->{closure:CodeIgniter\View\View::render():237}()
 4 SYSTEMPATH/Common.php(1250): CodeIgniter\View\View->render()
 5 APPPATH/Controllers/EtudiantController.php(13): view()
 6 SYSTEMPATH/CodeIgniter.php(951): App\Controllers\EtudiantController->list()
 7 SYSTEMPATH/CodeIgniter.php(497): CodeIgniter\CodeIgniter->runController()
 8 SYSTEMPATH/CodeIgniter.php(340): CodeIgniter\CodeIgniter->handleRequest()
 9 SYSTEMPATH/Boot.php(417): CodeIgniter\CodeIgniter->run()
10 SYSTEMPATH/Boot.php(68): CodeIgniter\Boot::runCodeIgniter()
11 FCPATH/index.php(59): CodeIgniter\Boot::bootWeb()
12 SYSTEMPATH/rewrite.php(44): require_once('/home/harena/Documents/ITU/S4/Système d’information/TP groupe de 3/Notes/public/index.php')
CRITICAL - 2026-04-29 07:56:03 --> ErrorException: Undefined array key "matricule"
[Method: GET, Route: etudiants]
in APPPATH/Views/etudiants/list.php on line 86.
 1 APPPATH/Views/etudiants/list.php(86): CodeIgniter\Debug\Exceptions->errorHandler()
 2 SYSTEMPATH/View/View.php(240): include('/home/harena/Documents/ITU/S4/Système d’information/TP groupe de 3/Notes/app/Views/etudiants/list.php')
 3 SYSTEMPATH/View/View.php(243): CodeIgniter\View\View->{closure:CodeIgniter\View\View::render():237}()
 4 SYSTEMPATH/Common.php(1250): CodeIgniter\View\View->render()
 5 APPPATH/Controllers/EtudiantController.php(13): view()
 6 SYSTEMPATH/CodeIgniter.php(951): App\Controllers\EtudiantController->list()
 7 SYSTEMPATH/CodeIgniter.php(497): CodeIgniter\CodeIgniter->runController()
 8 SYSTEMPATH/CodeIgniter.php(340): CodeIgniter\CodeIgniter->handleRequest()
 9 SYSTEMPATH/Boot.php(417): CodeIgniter\CodeIgniter->run()
10 SYSTEMPATH/Boot.php(68): CodeIgniter\Boot::runCodeIgniter()
11 FCPATH/index.php(59): CodeIgniter\Boot::bootWeb()
12 SYSTEMPATH/rewrite.php(44): require_once('/home/harena/Documents/ITU/S4/Système d’information/TP groupe de 3/Notes/public/index.php')
CRITICAL - 2026-04-29 07:56:03 --> ErrorException: Undefined array key "matricule"
[Method: GET, Route: etudiants]
in APPPATH/Views/etudiants/list.php on line 86.
 1 APPPATH/Views/etudiants/list.php(86): CodeIgniter\Debug\Exceptions->errorHandler()
 2 SYSTEMPATH/View/View.php(240): include('/home/harena/Documents/ITU/S4/Système d’information/TP groupe de 3/Notes/app/Views/etudiants/list.php')
 3 SYSTEMPATH/View/View.php(243): CodeIgniter\View\View->{closure:CodeIgniter\View\View::render():237}()
 4 SYSTEMPATH/Common.php(1250): CodeIgniter\View\View->render()
 5 APPPATH/Controllers/EtudiantController.php(13): view()
 6 SYSTEMPATH/CodeIgniter.php(951): App\Controllers\EtudiantController->list()
 7 SYSTEMPATH/CodeIgniter.php(497): CodeIgniter\CodeIgniter->runController()
 8 SYSTEMPATH/CodeIgniter.php(340): CodeIgniter\CodeIgniter->handleRequest()
 9 SYSTEMPATH/Boot.php(417): CodeIgniter\CodeIgniter->run()
10 SYSTEMPATH/Boot.php(68): CodeIgniter\Boot::runCodeIgniter()
11 FCPATH/index.php(59): CodeIgniter\Boot::bootWeb()
12 SYSTEMPATH/rewrite.php(44): require_once('/home/harena/Documents/ITU/S4/Système d’information/TP groupe de 3/Notes/public/index.php')
CRITICAL - 2026-04-29 07:56:06 --> ErrorException: Undefined array key "matricule"
[Method: GET, Route: etudiants]
in APPPATH/Views/etudiants/list.php on line 86.
 1 APPPATH/Views/etudiants/list.php(86): CodeIgniter\Debug\Exceptions->errorHandler()
 2 SYSTEMPATH/View/View.php(240): include('/home/harena/Documents/ITU/S4/Système d’information/TP groupe de 3/Notes/app/Views/etudiants/list.php')
 3 SYSTEMPATH/View/View.php(243): CodeIgniter\View\View->{closure:CodeIgniter\View\View::render():237}()
 4 SYSTEMPATH/Common.php(1250): CodeIgniter\View\View->render()
 5 APPPATH/Controllers/EtudiantController.php(13): view()
 6 SYSTEMPATH/CodeIgniter.php(951): App\Controllers\EtudiantController->list()
 7 SYSTEMPATH/CodeIgniter.php(497): CodeIgniter\CodeIgniter->runController()
 8 SYSTEMPATH/CodeIgniter.php(340): CodeIgniter\CodeIgniter->handleRequest()
 9 SYSTEMPATH/Boot.php(417): CodeIgniter\CodeIgniter->run()
10 SYSTEMPATH/Boot.php(68): CodeIgniter\Boot::runCodeIgniter()
11 FCPATH/index.php(59): CodeIgniter\Boot::bootWeb()
12 SYSTEMPATH/rewrite.php(44): require_once('/home/harena/Documents/ITU/S4/Système d’information/TP groupe de 3/Notes/public/index.php')
CRITICAL - 2026-04-29 07:56:52 --> ErrorException: Undefined array key "matricule"
[Method: GET, Route: etudiants]
in APPPATH/Views/etudiants/list.php on line 86.
 1 APPPATH/Views/etudiants/list.php(86): CodeIgniter\Debug\Exceptions->errorHandler()
 2 SYSTEMPATH/View/View.php(240): include('/home/harena/Documents/ITU/S4/Système d’information/TP groupe de 3/Notes/app/Views/etudiants/list.php')
 3 SYSTEMPATH/View/View.php(243): CodeIgniter\View\View->{closure:CodeIgniter\View\View::render():237}()
 4 SYSTEMPATH/Common.php(1250): CodeIgniter\View\View->render()
 5 APPPATH/Controllers/EtudiantController.php(13): view()
 6 SYSTEMPATH/CodeIgniter.php(951): App\Controllers\EtudiantController->list()
 7 SYSTEMPATH/CodeIgniter.php(497): CodeIgniter\CodeIgniter->runController()
 8 SYSTEMPATH/CodeIgniter.php(340): CodeIgniter\CodeIgniter->handleRequest()
 9 SYSTEMPATH/Boot.php(417): CodeIgniter\CodeIgniter->run()
10 SYSTEMPATH/Boot.php(68): CodeIgniter\Boot::runCodeIgniter()
11 FCPATH/index.php(59): CodeIgniter\Boot::bootWeb()
12 SYSTEMPATH/rewrite.php(44): require_once('/home/harena/Documents/ITU/S4/Système d’information/TP groupe de 3/Notes/public/index.php')
CRITICAL - 2026-04-29 07:56:53 --> ErrorException: Undefined array key "matricule"
[Method: GET, Route: etudiants]
in APPPATH/Views/etudiants/list.php on line 86.
 1 APPPATH/Views/etudiants/list.php(86): CodeIgniter\Debug\Exceptions->errorHandler()
 2 SYSTEMPATH/View/View.php(240): include('/home/harena/Documents/ITU/S4/Système d’information/TP groupe de 3/Notes/app/Views/etudiants/list.php')
 3 SYSTEMPATH/View/View.php(243): CodeIgniter\View\View->{closure:CodeIgniter\View\View::render():237}()
 4 SYSTEMPATH/Common.php(1250): CodeIgniter\View\View->render()
 5 APPPATH/Controllers/EtudiantController.php(13): view()
 6 SYSTEMPATH/CodeIgniter.php(951): App\Controllers\EtudiantController->list()
 7 SYSTEMPATH/CodeIgniter.php(497): CodeIgniter\CodeIgniter->runController()
 8 SYSTEMPATH/CodeIgniter.php(340): CodeIgniter\CodeIgniter->handleRequest()
 9 SYSTEMPATH/Boot.php(417): CodeIgniter\CodeIgniter->run()
10 SYSTEMPATH/Boot.php(68): CodeIgniter\Boot::runCodeIgniter()
11 FCPATH/index.php(59): CodeIgniter\Boot::bootWeb()
12 SYSTEMPATH/rewrite.php(44): require_once('/home/harena/Documents/ITU/S4/Système d’information/TP groupe de 3/Notes/public/index.php')
CRITICAL - 2026-04-29 07:56:55 --> ErrorException: Undefined array key "matricule"
[Method: GET, Route: etudiants]
in APPPATH/Views/etudiants/list.php on line 86.
 1 APPPATH/Views/etudiants/list.php(86): CodeIgniter\Debug\Exceptions->errorHandler()
 2 SYSTEMPATH/View/View.php(240): include('/home/harena/Documents/ITU/S4/Système d’information/TP groupe de 3/Notes/app/Views/etudiants/list.php')
 3 SYSTEMPATH/View/View.php(243): CodeIgniter\View\View->{closure:CodeIgniter\View\View::render():237}()
 4 SYSTEMPATH/Common.php(1250): CodeIgniter\View\View->render()
 5 APPPATH/Controllers/EtudiantController.php(13): view()
 6 SYSTEMPATH/CodeIgniter.php(951): App\Controllers\EtudiantController->list()
 7 SYSTEMPATH/CodeIgniter.php(497): CodeIgniter\CodeIgniter->runController()
 8 SYSTEMPATH/CodeIgniter.php(340): CodeIgniter\CodeIgniter->handleRequest()
 9 SYSTEMPATH/Boot.php(417): CodeIgniter\CodeIgniter->run()
10 SYSTEMPATH/Boot.php(68): CodeIgniter\Boot::runCodeIgniter()
11 FCPATH/index.php(59): CodeIgniter\Boot::bootWeb()
12 SYSTEMPATH/rewrite.php(44): require_once('/home/harena/Documents/ITU/S4/Système d’information/TP groupe de 3/Notes/public/index.php')
CRITICAL - 2026-04-29 07:58:14 --> ErrorException: Undefined array key "matricule"
[Method: GET, Route: etudiants]
in APPPATH/Views/etudiants/list.php on line 86.
 1 APPPATH/Views/etudiants/list.php(86): CodeIgniter\Debug\Exceptions->errorHandler()
 2 SYSTEMPATH/View/View.php(240): include('/home/harena/Documents/ITU/S4/Système d’information/TP groupe de 3/Notes/app/Views/etudiants/list.php')
 3 SYSTEMPATH/View/View.php(243): CodeIgniter\View\View->{closure:CodeIgniter\View\View::render():237}()
 4 SYSTEMPATH/Common.php(1250): CodeIgniter\View\View->render()
 5 APPPATH/Controllers/EtudiantController.php(22): view()
 6 SYSTEMPATH/CodeIgniter.php(951): App\Controllers\EtudiantController->listPaginated()
 7 SYSTEMPATH/CodeIgniter.php(497): CodeIgniter\CodeIgniter->runController()
 8 SYSTEMPATH/CodeIgniter.php(340): CodeIgniter\CodeIgniter->handleRequest()
 9 SYSTEMPATH/Boot.php(417): CodeIgniter\CodeIgniter->run()
10 SYSTEMPATH/Boot.php(68): CodeIgniter\Boot::runCodeIgniter()
11 FCPATH/index.php(59): CodeIgniter\Boot::bootWeb()
12 SYSTEMPATH/rewrite.php(44): require_once('/home/harena/Documents/ITU/S4/Système d’information/TP groupe de 3/Notes/public/index.php')
CRITICAL - 2026-04-29 07:58:16 --> ErrorException: Undefined array key "matricule"
[Method: GET, Route: etudiants]
in APPPATH/Views/etudiants/list.php on line 86.
 1 APPPATH/Views/etudiants/list.php(86): CodeIgniter\Debug\Exceptions->errorHandler()
 2 SYSTEMPATH/View/View.php(240): include('/home/harena/Documents/ITU/S4/Système d’information/TP groupe de 3/Notes/app/Views/etudiants/list.php')
 3 SYSTEMPATH/View/View.php(243): CodeIgniter\View\View->{closure:CodeIgniter\View\View::render():237}()
 4 SYSTEMPATH/Common.php(1250): CodeIgniter\View\View->render()
 5 APPPATH/Controllers/EtudiantController.php(22): view()
 6 SYSTEMPATH/CodeIgniter.php(951): App\Controllers\EtudiantController->listPaginated()
 7 SYSTEMPATH/CodeIgniter.php(497): CodeIgniter\CodeIgniter->runController()
 8 SYSTEMPATH/CodeIgniter.php(340): CodeIgniter\CodeIgniter->handleRequest()
 9 SYSTEMPATH/Boot.php(417): CodeIgniter\CodeIgniter->run()
10 SYSTEMPATH/Boot.php(68): CodeIgniter\Boot::runCodeIgniter()
11 FCPATH/index.php(59): CodeIgniter\Boot::bootWeb()
12 SYSTEMPATH/rewrite.php(44): require_once('/home/harena/Documents/ITU/S4/Système d’information/TP groupe de 3/Notes/public/index.php')
CRITICAL - 2026-04-29 07:59:40 --> ErrorException: Undefined array key "id"
[Method: GET, Route: etudiants]
in APPPATH/Views/etudiants/list.php on line 94.
 1 APPPATH/Views/etudiants/list.php(94): CodeIgniter\Debug\Exceptions->errorHandler()
 2 SYSTEMPATH/View/View.php(240): include('/home/harena/Documents/ITU/S4/Système d’information/TP groupe de 3/Notes/app/Views/etudiants/list.php')
 3 SYSTEMPATH/View/View.php(243): CodeIgniter\View\View->{closure:CodeIgniter\View\View::render():237}()
 4 SYSTEMPATH/Common.php(1250): CodeIgniter\View\View->render()
 5 APPPATH/Controllers/EtudiantController.php(22): view()
 6 SYSTEMPATH/CodeIgniter.php(951): App\Controllers\EtudiantController->listPaginated()
 7 SYSTEMPATH/CodeIgniter.php(497): CodeIgniter\CodeIgniter->runController()
 8 SYSTEMPATH/CodeIgniter.php(340): CodeIgniter\CodeIgniter->handleRequest()
 9 SYSTEMPATH/Boot.php(417): CodeIgniter\CodeIgniter->run()
10 SYSTEMPATH/Boot.php(68): CodeIgniter\Boot::runCodeIgniter()
11 FCPATH/index.php(59): CodeIgniter\Boot::bootWeb()
12 SYSTEMPATH/rewrite.php(44): require_once('/home/harena/Documents/ITU/S4/Système d’information/TP groupe de 3/Notes/public/index.php')
CRITICAL - 2026-04-29 07:59:41 --> ErrorException: Undefined array key "id"
[Method: GET, Route: etudiants]
in APPPATH/Views/etudiants/list.php on line 94.
 1 APPPATH/Views/etudiants/list.php(94): CodeIgniter\Debug\Exceptions->errorHandler()
 2 SYSTEMPATH/View/View.php(240): include('/home/harena/Documents/ITU/S4/Système d’information/TP groupe de 3/Notes/app/Views/etudiants/list.php')
 3 SYSTEMPATH/View/View.php(243): CodeIgniter\View\View->{closure:CodeIgniter\View\View::render():237}()
 4 SYSTEMPATH/Common.php(1250): CodeIgniter\View\View->render()
 5 APPPATH/Controllers/EtudiantController.php(22): view()
 6 SYSTEMPATH/CodeIgniter.php(951): App\Controllers\EtudiantController->listPaginated()
 7 SYSTEMPATH/CodeIgniter.php(497): CodeIgniter\CodeIgniter->runController()
 8 SYSTEMPATH/CodeIgniter.php(340): CodeIgniter\CodeIgniter->handleRequest()
 9 SYSTEMPATH/Boot.php(417): CodeIgniter\CodeIgniter->run()
10 SYSTEMPATH/Boot.php(68): CodeIgniter\Boot::runCodeIgniter()
11 FCPATH/index.php(59): CodeIgniter\Boot::bootWeb()
12 SYSTEMPATH/rewrite.php(44): require_once('/home/harena/Documents/ITU/S4/Système d’information/TP groupe de 3/Notes/public/index.php')
CRITICAL - 2026-04-29 07:59:44 --> ErrorException: Undefined array key "id"
[Method: GET, Route: etudiants]
in APPPATH/Views/etudiants/list.php on line 94.
 1 APPPATH/Views/etudiants/list.php(94): CodeIgniter\Debug\Exceptions->errorHandler()
 2 SYSTEMPATH/View/View.php(240): include('/home/harena/Documents/ITU/S4/Système d’information/TP groupe de 3/Notes/app/Views/etudiants/list.php')
 3 SYSTEMPATH/View/View.php(243): CodeIgniter\View\View->{closure:CodeIgniter\View\View::render():237}()
 4 SYSTEMPATH/Common.php(1250): CodeIgniter\View\View->render()
 5 APPPATH/Controllers/EtudiantController.php(22): view()
 6 SYSTEMPATH/CodeIgniter.php(951): App\Controllers\EtudiantController->listPaginated()
 7 SYSTEMPATH/CodeIgniter.php(497): CodeIgniter\CodeIgniter->runController()
 8 SYSTEMPATH/CodeIgniter.php(340): CodeIgniter\CodeIgniter->handleRequest()
 9 SYSTEMPATH/Boot.php(417): CodeIgniter\CodeIgniter->run()
10 SYSTEMPATH/Boot.php(68): CodeIgniter\Boot::runCodeIgniter()
11 FCPATH/index.php(59): CodeIgniter\Boot::bootWeb()
12 SYSTEMPATH/rewrite.php(44): require_once('/home/harena/Documents/ITU/S4/Système d’information/TP groupe de 3/Notes/public/index.php')
CRITICAL - 2026-04-29 08:02:57 --> ErrorException: Undefined array key "id"
[Method: GET, Route: etudiants]
in APPPATH/Views/etudiants/list.php on line 80.
 1 APPPATH/Views/etudiants/list.php(80): CodeIgniter\Debug\Exceptions->errorHandler()
 2 SYSTEMPATH/View/View.php(240): include('/home/harena/Documents/ITU/S4/Système d’information/TP groupe de 3/Notes/app/Views/etudiants/list.php')
 3 SYSTEMPATH/View/View.php(243): CodeIgniter\View\View->{closure:CodeIgniter\View\View::render():237}()
 4 SYSTEMPATH/Common.php(1250): CodeIgniter\View\View->render()
 5 APPPATH/Controllers/EtudiantController.php(22): view()
 6 SYSTEMPATH/CodeIgniter.php(951): App\Controllers\EtudiantController->listPaginated()
 7 SYSTEMPATH/CodeIgniter.php(497): CodeIgniter\CodeIgniter->runController()
 8 SYSTEMPATH/CodeIgniter.php(340): CodeIgniter\CodeIgniter->handleRequest()
 9 SYSTEMPATH/Boot.php(417): CodeIgniter\CodeIgniter->run()
10 SYSTEMPATH/Boot.php(68): CodeIgniter\Boot::runCodeIgniter()
11 FCPATH/index.php(59): CodeIgniter\Boot::bootWeb()
12 SYSTEMPATH/rewrite.php(44): require_once('/home/harena/Documents/ITU/S4/Système d’information/TP groupe de 3/Notes/public/index.php')
CRITICAL - 2026-04-29 08:03:00 --> ErrorException: Undefined array key "id"
[Method: GET, Route: etudiants]
in APPPATH/Views/etudiants/list.php on line 80.
 1 APPPATH/Views/etudiants/list.php(80): CodeIgniter\Debug\Exceptions->errorHandler()
 2 SYSTEMPATH/View/View.php(240): include('/home/harena/Documents/ITU/S4/Système d’information/TP groupe de 3/Notes/app/Views/etudiants/list.php')
 3 SYSTEMPATH/View/View.php(243): CodeIgniter\View\View->{closure:CodeIgniter\View\View::render():237}()
 4 SYSTEMPATH/Common.php(1250): CodeIgniter\View\View->render()
 5 APPPATH/Controllers/EtudiantController.php(22): view()
 6 SYSTEMPATH/CodeIgniter.php(951): App\Controllers\EtudiantController->listPaginated()
 7 SYSTEMPATH/CodeIgniter.php(497): CodeIgniter\CodeIgniter->runController()
 8 SYSTEMPATH/CodeIgniter.php(340): CodeIgniter\CodeIgniter->handleRequest()
 9 SYSTEMPATH/Boot.php(417): CodeIgniter\CodeIgniter->run()
10 SYSTEMPATH/Boot.php(68): CodeIgniter\Boot::runCodeIgniter()
11 FCPATH/index.php(59): CodeIgniter\Boot::bootWeb()
12 SYSTEMPATH/rewrite.php(44): require_once('/home/harena/Documents/ITU/S4/Système d’information/TP groupe de 3/Notes/public/index.php')
CRITICAL - 2026-04-29 08:10:24 --> ErrorException: Undefined array key "id"
[Method: GET, Route: etudiants]
in APPPATH/Views/etudiants/list.php on line 80.
 1 APPPATH/Views/etudiants/list.php(80): CodeIgniter\Debug\Exceptions->errorHandler()
 2 SYSTEMPATH/View/View.php(240): include('/home/harena/Documents/ITU/S4/Système d’information/TP groupe de 3/Notes/app/Views/etudiants/list.php')
 3 SYSTEMPATH/View/View.php(243): CodeIgniter\View\View->{closure:CodeIgniter\View\View::render():237}()
 4 SYSTEMPATH/Common.php(1250): CodeIgniter\View\View->render()
 5 APPPATH/Controllers/EtudiantController.php(22): view()
 6 SYSTEMPATH/CodeIgniter.php(951): App\Controllers\EtudiantController->listPaginated()
 7 SYSTEMPATH/CodeIgniter.php(497): CodeIgniter\CodeIgniter->runController()
 8 SYSTEMPATH/CodeIgniter.php(340): CodeIgniter\CodeIgniter->handleRequest()
 9 SYSTEMPATH/Boot.php(417): CodeIgniter\CodeIgniter->run()
10 SYSTEMPATH/Boot.php(68): CodeIgniter\Boot::runCodeIgniter()
11 FCPATH/index.php(59): CodeIgniter\Boot::bootWeb()
12 SYSTEMPATH/rewrite.php(44): require_once('/home/harena/Documents/ITU/S4/Système d’information/TP groupe de 3/Notes/public/index.php')
CRITICAL - 2026-04-29 08:13:34 --> ErrorException: Undefined array key "id"
[Method: GET, Route: etudiants]
in APPPATH/Views/etudiants/list.php on line 80.
 1 APPPATH/Views/etudiants/list.php(80): CodeIgniter\Debug\Exceptions->errorHandler()
 2 SYSTEMPATH/View/View.php(240): include('/home/harena/Documents/ITU/S4/Système d’information/TP groupe de 3/Notes/app/Views/etudiants/list.php')
 3 SYSTEMPATH/View/View.php(243): CodeIgniter\View\View->{closure:CodeIgniter\View\View::render():237}()
 4 SYSTEMPATH/Common.php(1250): CodeIgniter\View\View->render()
 5 APPPATH/Controllers/EtudiantController.php(22): view()
 6 SYSTEMPATH/CodeIgniter.php(951): App\Controllers\EtudiantController->listPaginated()
 7 SYSTEMPATH/CodeIgniter.php(497): CodeIgniter\CodeIgniter->runController()
 8 SYSTEMPATH/CodeIgniter.php(340): CodeIgniter\CodeIgniter->handleRequest()
 9 SYSTEMPATH/Boot.php(417): CodeIgniter\CodeIgniter->run()
10 SYSTEMPATH/Boot.php(68): CodeIgniter\Boot::runCodeIgniter()
11 FCPATH/index.php(59): CodeIgniter\Boot::bootWeb()
CRITICAL - 2026-04-29 08:13:41 --> ErrorException: Undefined array key "id"
[Method: GET, Route: etudiants]
in APPPATH/Views/etudiants/list.php on line 80.
 1 APPPATH/Views/etudiants/list.php(80): CodeIgniter\Debug\Exceptions->errorHandler()
 2 SYSTEMPATH/View/View.php(240): include('/home/harena/Documents/ITU/S4/Système d’information/TP groupe de 3/Notes/app/Views/etudiants/list.php')
 3 SYSTEMPATH/View/View.php(243): CodeIgniter\View\View->{closure:CodeIgniter\View\View::render():237}()
 4 SYSTEMPATH/Common.php(1250): CodeIgniter\View\View->render()
 5 APPPATH/Controllers/EtudiantController.php(22): view()
 6 SYSTEMPATH/CodeIgniter.php(951): App\Controllers\EtudiantController->listPaginated()
 7 SYSTEMPATH/CodeIgniter.php(497): CodeIgniter\CodeIgniter->runController()
 8 SYSTEMPATH/CodeIgniter.php(340): CodeIgniter\CodeIgniter->handleRequest()
 9 SYSTEMPATH/Boot.php(417): CodeIgniter\CodeIgniter->run()
10 SYSTEMPATH/Boot.php(68): CodeIgniter\Boot::runCodeIgniter()
11 FCPATH/index.php(59): CodeIgniter\Boot::bootWeb()
CRITICAL - 2026-04-29 08:14:26 --> ErrorException: Undefined array key "id"
[Method: GET, Route: etudiants]
in APPPATH/Views/etudiants/list.php on line 80.
 1 APPPATH/Views/etudiants/list.php(80): CodeIgniter\Debug\Exceptions->errorHandler()
 2 SYSTEMPATH/View/View.php(240): include('/home/harena/Documents/ITU/S4/Système d’information/TP groupe de 3/Notes/app/Views/etudiants/list.php')
 3 SYSTEMPATH/View/View.php(243): CodeIgniter\View\View->{closure:CodeIgniter\View\View::render():237}()
 4 SYSTEMPATH/Common.php(1250): CodeIgniter\View\View->render()
 5 APPPATH/Controllers/EtudiantController.php(22): view()
 6 SYSTEMPATH/CodeIgniter.php(951): App\Controllers\EtudiantController->listPaginated()
 7 SYSTEMPATH/CodeIgniter.php(497): CodeIgniter\CodeIgniter->runController()
 8 SYSTEMPATH/CodeIgniter.php(340): CodeIgniter\CodeIgniter->handleRequest()
 9 SYSTEMPATH/Boot.php(417): CodeIgniter\CodeIgniter->run()
10 SYSTEMPATH/Boot.php(68): CodeIgniter\Boot::runCodeIgniter()
11 FCPATH/index.php(59): CodeIgniter\Boot::bootWeb()
CRITICAL - 2026-04-29 08:14:31 --> ErrorException: Undefined array key "id"
[Method: GET, Route: etudiants]
in APPPATH/Views/etudiants/list.php on line 80.
 1 APPPATH/Views/etudiants/list.php(80): CodeIgniter\Debug\Exceptions->errorHandler()
 2 SYSTEMPATH/View/View.php(240): include('/home/harena/Documents/ITU/S4/Système d’information/TP groupe de 3/Notes/app/Views/etudiants/list.php')
 3 SYSTEMPATH/View/View.php(243): CodeIgniter\View\View->{closure:CodeIgniter\View\View::render():237}()
 4 SYSTEMPATH/Common.php(1250): CodeIgniter\View\View->render()
 5 APPPATH/Controllers/EtudiantController.php(22): view()
 6 SYSTEMPATH/CodeIgniter.php(951): App\Controllers\EtudiantController->listPaginated()
 7 SYSTEMPATH/CodeIgniter.php(497): CodeIgniter\CodeIgniter->runController()
 8 SYSTEMPATH/CodeIgniter.php(340): CodeIgniter\CodeIgniter->handleRequest()
 9 SYSTEMPATH/Boot.php(417): CodeIgniter\CodeIgniter->run()
10 SYSTEMPATH/Boot.php(68): CodeIgniter\Boot::runCodeIgniter()
11 FCPATH/index.php(59): CodeIgniter\Boot::bootWeb()
CRITICAL - 2026-04-29 08:14:58 --> ErrorException: Undefined array key "id"
[Method: GET, Route: etudiants]
in APPPATH/Views/etudiants/list.php on line 80.
 1 APPPATH/Views/etudiants/list.php(80): CodeIgniter\Debug\Exceptions->errorHandler()
 2 SYSTEMPATH/View/View.php(240): include('/home/harena/Documents/ITU/S4/Système d’information/TP groupe de 3/Notes/app/Views/etudiants/list.php')
 3 SYSTEMPATH/View/View.php(243): CodeIgniter\View\View->{closure:CodeIgniter\View\View::render():237}()
 4 SYSTEMPATH/Common.php(1250): CodeIgniter\View\View->render()
 5 APPPATH/Controllers/EtudiantController.php(22): view()
 6 SYSTEMPATH/CodeIgniter.php(951): App\Controllers\EtudiantController->listPaginated()
 7 SYSTEMPATH/CodeIgniter.php(497): CodeIgniter\CodeIgniter->runController()
 8 SYSTEMPATH/CodeIgniter.php(340): CodeIgniter\CodeIgniter->handleRequest()
 9 SYSTEMPATH/Boot.php(417): CodeIgniter\CodeIgniter->run()
10 SYSTEMPATH/Boot.php(68): CodeIgniter\Boot::runCodeIgniter()
11 FCPATH/index.php(59): CodeIgniter\Boot::bootWeb()
